<?xml version="1.0" encoding="UTF-8"?>
<!-- Generated by org.testng.reporters.JUnitReportReporter -->
<testsuite hostname="DESKTOP-GPM3KEC" failures="0" tests="3" name="com.CRM.Tests.HomePageTest" time="0.719" errors="0" timestamp="2025-01-21T18:44:23 IST" skipped="0">
  <testcase classname="com.CRM.Tests.HomePageTest" name="verifyAppURL" time="0.036"/>
  <testcase classname="com.CRM.Tests.HomePageTest" name="verifyAppTitle" time="0.021"/>
  <testcase classname="com.CRM.Tests.HomePageTest" name="validateSignInLink" time="0.662"/>
</testsuite> <!-- com.CRM.Tests.HomePageTest -->
