<?xml version="1.0" encoding="UTF-8"?>
<!-- Generated by org.testng.reporters.JUnitReportReporter -->
<testsuite hostname="DESKTOP-GPM3KEC" failures="0" tests="1" name="com.CRM.Pages.HomePage" time="28.351" errors="0" timestamp="2025-01-19T21:27:08 IST" skipped="0">
  <testcase classname="com.CRM.Pages.HomePage" name="clickLoginButton" time="28.351"/>
</testsuite> <!-- com.CRM.Pages.HomePage -->
