<?xml version="1.0" encoding="UTF-8"?>
<!-- Generated by org.testng.reporters.JUnitReportReporter -->
<testsuite hostname="DESKTOP-GPM3KEC" failures="0" tests="1" name="com.CRM.Tests.LoginPageTest" time="0.908" errors="0" timestamp="2025-01-21T19:06:20 IST" skipped="0">
  <testcase classname="com.CRM.Tests.LoginPageTest" name="validateLogin" time="0.908"/>
</testsuite> <!-- com.CRM.Tests.LoginPageTest -->
