<?xml version="1.0" encoding="UTF-8"?>
<!-- Generated by org.testng.reporters.JUnitReportReporter -->
<testsuite hostname="DESKTOP-GPM3KEC" failures="0" tests="1" name="com.CRM.Tests.LoginPageTest" time="2.194" errors="0" timestamp="2025-01-20T16:58:24 IST" skipped="0">
  <testcase classname="com.CRM.Tests.LoginPageTest" name="validateLogin" time="2.194"/>
</testsuite> <!-- com.CRM.Tests.LoginPageTest -->
